<?xml version="1.0" encoding="UTF-8"?>
<testng-results skipped="0" failed="0" ignored="0" total="1" passed="1">
  <reporter-output>
  </reporter-output>
  <suite name="Default suite" duration-ms="22399" started-at="2024-11-12T12:05:43Z" finished-at="2024-11-12T12:06:06Z">
    <groups>
      <group name="cucumber">
        <method signature="AbstractTestNGCucumberTests.runScenario(io.cucumber.testng.PickleWrapper, io.cucumber.testng.FeatureWrapper)[pri:0, instance:Runner.Runner@73ad2d6]" name="runScenario" class="io.cucumber.testng.AbstractTestNGCucumberTests"/>
      </group> <!-- cucumber -->
    </groups>
    <test name="Default test" duration-ms="22399" started-at="2024-11-12T12:05:43Z" finished-at="2024-11-12T12:06:06Z">
      <class name="Runner.Runner">
        <test-method status="PASS" signature="setUpClass()[pri:0, instance:Runner.Runner@73ad2d6]" name="setUpClass" is-config="true" duration-ms="367" started-at="2024-11-12T17:35:43Z" finished-at="2024-11-12T17:35:44Z">
          <reporter-output>
          </reporter-output>
        </test-method> <!-- setUpClass -->
        <test-method status="PASS" signature="runScenario(io.cucumber.testng.PickleWrapper, io.cucumber.testng.FeatureWrapper)[pri:0, instance:Runner.Runner@73ad2d6]" name="runScenario" duration-ms="21980" started-at="2024-11-12T17:35:44Z" description="Runs Cucumber Scenarios" data-provider="scenarios" finished-at="2024-11-12T17:36:06Z">
          <params>
            <param index="0">
              <value>
                <![CDATA["Addition of Two whole numbers"]]>
              </value>
            </param>
            <param index="1">
              <value>
                <![CDATA["Optional[Addition of Numbers]"]]>
              </value>
            </param>
          </params>
          <reporter-output>
          </reporter-output>
        </test-method> <!-- runScenario -->
        <test-method status="PASS" signature="tearDownClass()[pri:0, instance:Runner.Runner@73ad2d6]" name="tearDownClass" is-config="true" duration-ms="27" started-at="2024-11-12T17:36:06Z" finished-at="2024-11-12T17:36:06Z">
          <reporter-output>
          </reporter-output>
        </test-method> <!-- tearDownClass -->
      </class> <!-- Runner.Runner -->
    </test> <!-- Default test -->
  </suite> <!-- Default suite -->
</testng-results>
